app/build/intermediates/manifest_merge_blame_file/debug/processDebugMainManifest/manifest-merger-blame-debug-report.txt
1<?xml version="1.0" encoding="utf-8"?>
2<manifest xmlns:android="http://schemas.android.com/apk/res/android"
3    package="com.achelmas.numart"
4    android:versionCode="1"
5    android:versionName="1.0" >
6
7    <uses-sdk
8        android:minSdkVersion="24"
9        android:targetSdkVersion="35" />
10
11    <uses-permission android:name="android.permission.INTERNET" />
11-->src/main/AndroidManifest.xml:5:5-67
11-->src/main/AndroidManifest.xml:5:22-64
12    <uses-permission android:name="android.permission.ACCESS_NETWORK_STATE" />
12-->src/main/AndroidManifest.xml:6:5-79
12-->src/main/AndroidManifest.xml:6:22-76
13    <uses-permission android:name="android.permission.ACCESS_WIFI_STATE" />
13-->src/main/AndroidManifest.xml:7:5-76
13-->src/main/AndroidManifest.xml:7:22-73
14    <uses-permission android:name="android.permission.CAMERA" />
14-->src/main/AndroidManifest.xml:10:5-11:71
14-->src/main/AndroidManifest.xml:10:22-62
15
16    <uses-feature
16-->src/main/AndroidManifest.xml:12:5-86
17        android:name="android.hardware.camera.ar"
17-->src/main/AndroidManifest.xml:12:19-60
18        android:required="true" />
18-->src/main/AndroidManifest.xml:12:61-84
19
20    <uses-permission android:name="android.permission.RECORD_AUDIO" />
20-->[io.github.sceneview:arsceneview:0.9.8] AndroidManifest.xml:9:5-71
20-->[io.github.sceneview:arsceneview:0.9.8] AndroidManifest.xml:9:22-68
21
22    <queries>
22-->[androidx.camera:camera-extensions:1.4.0] AndroidManifest.xml:22:5-26:15
23        <intent>
23-->[androidx.camera:camera-extensions:1.4.0] AndroidManifest.xml:23:9-25:18
24            <action android:name="androidx.camera.extensions.action.VENDOR_ACTION" />
24-->[androidx.camera:camera-extensions:1.4.0] AndroidManifest.xml:24:13-86
24-->[androidx.camera:camera-extensions:1.4.0] AndroidManifest.xml:24:21-83
25        </intent>
26
27        <package android:name="com.google.ar.core" />
27-->[com.google.ar:core:1.35.0] AndroidManifest.xml:21:9-54
27-->[com.google.ar:core:1.35.0] AndroidManifest.xml:21:18-51
28    </queries>
29
30    <uses-permission android:name="com.google.android.providers.gsf.permission.READ_GSERVICES" /> <!-- SceneView requires OpenGLES 3.0 or later for 3D rendering. -->
30-->[com.google.android.recaptcha:recaptcha:18.5.1] AndroidManifest.xml:9:5-98
30-->[com.google.android.recaptcha:recaptcha:18.5.1] AndroidManifest.xml:9:22-95
31    <uses-feature
31-->[io.github.sceneview:sceneview:0.9.8] AndroidManifest.xml:11:5-13:35
32        android:glEsVersion="0x00030000"
32-->[io.github.sceneview:sceneview:0.9.8] AndroidManifest.xml:12:9-41
33        android:required="true" />
33-->[io.github.sceneview:sceneview:0.9.8] AndroidManifest.xml:13:9-32
34
35    <permission
35-->[androidx.core:core:1.15.0] AndroidManifest.xml:22:5-24:47
36        android:name="com.achelmas.numart.DYNAMIC_RECEIVER_NOT_EXPORTED_PERMISSION"
36-->[androidx.core:core:1.15.0] AndroidManifest.xml:23:9-81
37        android:protectionLevel="signature" />
37-->[androidx.core:core:1.15.0] AndroidManifest.xml:24:9-44
38
39    <uses-permission android:name="com.achelmas.numart.DYNAMIC_RECEIVER_NOT_EXPORTED_PERMISSION" />
39-->[androidx.core:core:1.15.0] AndroidManifest.xml:26:5-97
39-->[androidx.core:core:1.15.0] AndroidManifest.xml:26:22-94
40
41    <application
41-->src/main/AndroidManifest.xml:14:5-61:19
42        android:allowBackup="true"
42-->src/main/AndroidManifest.xml:15:9-35
43        android:appComponentFactory="androidx.core.app.CoreComponentFactory"
43-->[androidx.core:core:1.15.0] AndroidManifest.xml:28:18-86
44        android:dataExtractionRules="@xml/data_extraction_rules"
44-->src/main/AndroidManifest.xml:16:9-65
45        android:debuggable="true"
46        android:extractNativeLibs="false"
47        android:fullBackupContent="@xml/backup_rules"
47-->src/main/AndroidManifest.xml:17:9-54
48        android:icon="@mipmap/ic_launcher"
48-->src/main/AndroidManifest.xml:18:9-43
49        android:label="@string/app_name"
49-->src/main/AndroidManifest.xml:19:9-41
50        android:roundIcon="@mipmap/ic_launcher_round"
50-->src/main/AndroidManifest.xml:20:9-54
51        android:supportsRtl="true"
51-->src/main/AndroidManifest.xml:21:9-35
52        android:testOnly="true"
53        android:theme="@style/Base.Theme.NumARt" >
53-->src/main/AndroidManifest.xml:22:9-49
54        <activity
54-->src/main/AndroidManifest.xml:24:9-26:40
55            android:name="com.achelmas.numart.mediumLevelMVC.MediumLevelActivity"
55-->src/main/AndroidManifest.xml:25:13-63
56            android:exported="false" />
56-->src/main/AndroidManifest.xml:26:13-37
57        <activity
57-->src/main/AndroidManifest.xml:27:9-29:40
58            android:name="com.achelmas.numart.hardLevelMVC.HardLevelActivity"
58-->src/main/AndroidManifest.xml:28:13-59
59            android:exported="false" />
59-->src/main/AndroidManifest.xml:29:13-37
60        <activity
60-->src/main/AndroidManifest.xml:30:9-32:40
61            android:name="com.achelmas.numart.easyLevelMVC.EasyLevelActivity"
61-->src/main/AndroidManifest.xml:31:13-59
62            android:exported="false" />
62-->src/main/AndroidManifest.xml:32:13-37
63        <activity
63-->src/main/AndroidManifest.xml:33:9-35:40
64            android:name="com.achelmas.numart.GameActivity"
64-->src/main/AndroidManifest.xml:34:13-41
65            android:exported="false" />
65-->src/main/AndroidManifest.xml:35:13-37
66        <activity
66-->src/main/AndroidManifest.xml:36:9-38:40
67            android:name="com.achelmas.numart.SettingsActivity"
67-->src/main/AndroidManifest.xml:37:13-45
68            android:exported="false" />
68-->src/main/AndroidManifest.xml:38:13-37
69        <activity
69-->src/main/AndroidManifest.xml:39:9-41:40
70            android:name="com.achelmas.numart.ForgotPasswordActivity"
70-->src/main/AndroidManifest.xml:40:13-51
71            android:exported="false" />
71-->src/main/AndroidManifest.xml:41:13-37
72        <activity
72-->src/main/AndroidManifest.xml:42:9-44:40
73            android:name="com.achelmas.numart.SignupActivity"
73-->src/main/AndroidManifest.xml:43:13-43
74            android:exported="false" />
74-->src/main/AndroidManifest.xml:44:13-37
75        <activity
75-->src/main/AndroidManifest.xml:45:9-47:40
76            android:name="com.achelmas.numart.LoginActivity"
76-->src/main/AndroidManifest.xml:46:13-42
77            android:exported="false" />
77-->src/main/AndroidManifest.xml:47:13-37
78        <activity
78-->src/main/AndroidManifest.xml:48:9-50:40
79            android:name="com.achelmas.numart.MainActivity"
79-->src/main/AndroidManifest.xml:49:13-41
80            android:exported="false" />
80-->src/main/AndroidManifest.xml:50:13-37
81        <activity
81-->src/main/AndroidManifest.xml:51:9-60:20
82            android:name="com.achelmas.numart.SplashScreenActivity"
82-->src/main/AndroidManifest.xml:52:13-49
83            android:exported="true"
83-->src/main/AndroidManifest.xml:53:13-36
84            android:theme="@style/TheSplashScreen_Style" >
84-->src/main/AndroidManifest.xml:54:13-57
85            <intent-filter>
85-->src/main/AndroidManifest.xml:55:13-59:29
86                <action android:name="android.intent.action.MAIN" />
86-->src/main/AndroidManifest.xml:56:17-69
86-->src/main/AndroidManifest.xml:56:25-66
87
88                <category android:name="android.intent.category.LAUNCHER" />
88-->src/main/AndroidManifest.xml:58:17-77
88-->src/main/AndroidManifest.xml:58:27-74
89            </intent-filter>
90        </activity>
91        <!--
92        Indicates that this app requires Google Play Services for AR ("AR Required") and causes
93        the Google Play Store to download and intall Google Play Services for AR along with the app.
94        For an "AR Optional" app, specify "optional" instead of "required".
95        -->
96        <meta-data
96-->[io.github.sceneview:arsceneview:0.9.8] AndroidManifest.xml:18:9-20:40
97            android:name="com.google.ar.core"
97-->[io.github.sceneview:arsceneview:0.9.8] AndroidManifest.xml:19:13-46
98            android:value="optional" />
98-->[io.github.sceneview:arsceneview:0.9.8] AndroidManifest.xml:20:13-37
99
100        <activity
100-->[com.google.firebase:firebase-auth:23.1.0] AndroidManifest.xml:29:9-46:20
101            android:name="com.google.firebase.auth.internal.GenericIdpActivity"
101-->[com.google.firebase:firebase-auth:23.1.0] AndroidManifest.xml:30:13-80
102            android:excludeFromRecents="true"
102-->[com.google.firebase:firebase-auth:23.1.0] AndroidManifest.xml:31:13-46
103            android:exported="true"
103-->[com.google.firebase:firebase-auth:23.1.0] AndroidManifest.xml:32:13-36
104            android:launchMode="singleTask"
104-->[com.google.firebase:firebase-auth:23.1.0] AndroidManifest.xml:33:13-44
105            android:theme="@android:style/Theme.Translucent.NoTitleBar" >
105-->[com.google.firebase:firebase-auth:23.1.0] AndroidManifest.xml:34:13-72
106            <intent-filter>
106-->[com.google.firebase:firebase-auth:23.1.0] AndroidManifest.xml:35:13-45:29
107                <action android:name="android.intent.action.VIEW" />
107-->[com.google.firebase:firebase-auth:23.1.0] AndroidManifest.xml:36:17-69
107-->[com.google.firebase:firebase-auth:23.1.0] AndroidManifest.xml:36:25-66
108
109                <category android:name="android.intent.category.DEFAULT" />
109-->[com.google.firebase:firebase-auth:23.1.0] AndroidManifest.xml:38:17-76
109-->[com.google.firebase:firebase-auth:23.1.0] AndroidManifest.xml:38:27-73
110                <category android:name="android.intent.category.BROWSABLE" />
110-->[com.google.firebase:firebase-auth:23.1.0] AndroidManifest.xml:39:17-78
110-->[com.google.firebase:firebase-auth:23.1.0] AndroidManifest.xml:39:27-75
111
112                <data
112-->[com.google.firebase:firebase-auth:23.1.0] AndroidManifest.xml:41:17-44:51
113                    android:host="firebase.auth"
113-->[com.google.firebase:firebase-auth:23.1.0] AndroidManifest.xml:42:21-49
114                    android:path="/"
114-->[com.google.firebase:firebase-auth:23.1.0] AndroidManifest.xml:43:21-37
115                    android:scheme="genericidp" />
115-->[com.google.firebase:firebase-auth:23.1.0] AndroidManifest.xml:44:21-48
116            </intent-filter>
117        </activity>
118        <activity
118-->[com.google.firebase:firebase-auth:23.1.0] AndroidManifest.xml:47:9-64:20
119            android:name="com.google.firebase.auth.internal.RecaptchaActivity"
119-->[com.google.firebase:firebase-auth:23.1.0] AndroidManifest.xml:48:13-79
120            android:excludeFromRecents="true"
120-->[com.google.firebase:firebase-auth:23.1.0] AndroidManifest.xml:49:13-46
121            android:exported="true"
121-->[com.google.firebase:firebase-auth:23.1.0] AndroidManifest.xml:50:13-36
122            android:launchMode="singleTask"
122-->[com.google.firebase:firebase-auth:23.1.0] AndroidManifest.xml:51:13-44
123            android:theme="@android:style/Theme.Translucent.NoTitleBar" >
123-->[com.google.firebase:firebase-auth:23.1.0] AndroidManifest.xml:52:13-72
124            <intent-filter>
124-->[com.google.firebase:firebase-auth:23.1.0] AndroidManifest.xml:53:13-63:29
125                <action android:name="android.intent.action.VIEW" />
125-->[com.google.firebase:firebase-auth:23.1.0] AndroidManifest.xml:36:17-69
125-->[com.google.firebase:firebase-auth:23.1.0] AndroidManifest.xml:36:25-66
126
127                <category android:name="android.intent.category.DEFAULT" />
127-->[com.google.firebase:firebase-auth:23.1.0] AndroidManifest.xml:38:17-76
127-->[com.google.firebase:firebase-auth:23.1.0] AndroidManifest.xml:38:27-73
128                <category android:name="android.intent.category.BROWSABLE" />
128-->[com.google.firebase:firebase-auth:23.1.0] AndroidManifest.xml:39:17-78
128-->[com.google.firebase:firebase-auth:23.1.0] AndroidManifest.xml:39:27-75
129
130                <data
130-->[com.google.firebase:firebase-auth:23.1.0] AndroidManifest.xml:41:17-44:51
131                    android:host="firebase.auth"
131-->[com.google.firebase:firebase-auth:23.1.0] AndroidManifest.xml:42:21-49
132                    android:path="/"
132-->[com.google.firebase:firebase-auth:23.1.0] AndroidManifest.xml:43:21-37
133                    android:scheme="recaptcha" />
133-->[com.google.firebase:firebase-auth:23.1.0] AndroidManifest.xml:44:21-48
134            </intent-filter>
135        </activity>
136
137        <service
137-->[com.google.firebase:firebase-auth:23.1.0] AndroidManifest.xml:66:9-72:19
138            android:name="com.google.firebase.components.ComponentDiscoveryService"
138-->[com.google.firebase:firebase-auth:23.1.0] AndroidManifest.xml:67:13-84
139            android:directBootAware="true"
139-->[com.google.firebase:firebase-common:21.0.0] AndroidManifest.xml:32:13-43
140            android:exported="false" >
140-->[com.google.firebase:firebase-auth:23.1.0] AndroidManifest.xml:68:13-37
141            <meta-data
141-->[com.google.firebase:firebase-auth:23.1.0] AndroidManifest.xml:69:13-71:85
142                android:name="com.google.firebase.components:com.google.firebase.auth.FirebaseAuthRegistrar"
142-->[com.google.firebase:firebase-auth:23.1.0] AndroidManifest.xml:70:17-109
143                android:value="com.google.firebase.components.ComponentRegistrar" />
143-->[com.google.firebase:firebase-auth:23.1.0] AndroidManifest.xml:71:17-82
144            <meta-data
144-->[com.google.firebase:firebase-database:21.0.0] AndroidManifest.xml:29:13-31:85
145                android:name="com.google.firebase.components:com.google.firebase.database.FirebaseDatabaseKtxRegistrar"
145-->[com.google.firebase:firebase-database:21.0.0] AndroidManifest.xml:30:17-120
146                android:value="com.google.firebase.components.ComponentRegistrar" />
146-->[com.google.firebase:firebase-database:21.0.0] AndroidManifest.xml:31:17-82
147            <meta-data
147-->[com.google.firebase:firebase-database:21.0.0] AndroidManifest.xml:32:13-34:85
148                android:name="com.google.firebase.components:com.google.firebase.database.DatabaseRegistrar"
148-->[com.google.firebase:firebase-database:21.0.0] AndroidManifest.xml:33:17-109
149                android:value="com.google.firebase.components.ComponentRegistrar" />
149-->[com.google.firebase:firebase-database:21.0.0] AndroidManifest.xml:34:17-82
150            <meta-data
150-->[com.google.firebase:firebase-common-ktx:21.0.0] AndroidManifest.xml:12:13-14:85
151                android:name="com.google.firebase.components:com.google.firebase.ktx.FirebaseCommonLegacyRegistrar"
151-->[com.google.firebase:firebase-common-ktx:21.0.0] AndroidManifest.xml:13:17-116
152                android:value="com.google.firebase.components.ComponentRegistrar" />
152-->[com.google.firebase:firebase-common-ktx:21.0.0] AndroidManifest.xml:14:17-82
153            <meta-data
153-->[com.google.firebase:firebase-common:21.0.0] AndroidManifest.xml:35:13-37:85
154                android:name="com.google.firebase.components:com.google.firebase.FirebaseCommonKtxRegistrar"
154-->[com.google.firebase:firebase-common:21.0.0] AndroidManifest.xml:36:17-109
155                android:value="com.google.firebase.components.ComponentRegistrar" />
155-->[com.google.firebase:firebase-common:21.0.0] AndroidManifest.xml:37:17-82
156        </service>
157
158        <uses-library
158-->[androidx.camera:camera-extensions:1.4.0] AndroidManifest.xml:29:9-31:40
159            android:name="androidx.camera.extensions.impl"
159-->[androidx.camera:camera-extensions:1.4.0] AndroidManifest.xml:30:13-59
160            android:required="false" />
160-->[androidx.camera:camera-extensions:1.4.0] AndroidManifest.xml:31:13-37
161
162        <service
162-->[androidx.camera:camera-camera2:1.4.0] AndroidManifest.xml:24:9-33:19
163            android:name="androidx.camera.core.impl.MetadataHolderService"
163-->[androidx.camera:camera-camera2:1.4.0] AndroidManifest.xml:25:13-75
164            android:enabled="false"
164-->[androidx.camera:camera-camera2:1.4.0] AndroidManifest.xml:26:13-36
165            android:exported="false" >
165-->[androidx.camera:camera-camera2:1.4.0] AndroidManifest.xml:27:13-37
166            <meta-data
166-->[androidx.camera:camera-camera2:1.4.0] AndroidManifest.xml:30:13-32:89
167                android:name="androidx.camera.core.impl.MetadataHolderService.DEFAULT_CONFIG_PROVIDER"
167-->[androidx.camera:camera-camera2:1.4.0] AndroidManifest.xml:31:17-103
168                android:value="androidx.camera.camera2.Camera2Config$DefaultProvider" />
168-->[androidx.camera:camera-camera2:1.4.0] AndroidManifest.xml:32:17-86
169        </service>
170
171        <provider
171-->[com.google.firebase:firebase-common:21.0.0] AndroidManifest.xml:23:9-28:39
172            android:name="com.google.firebase.provider.FirebaseInitProvider"
172-->[com.google.firebase:firebase-common:21.0.0] AndroidManifest.xml:24:13-77
173            android:authorities="com.achelmas.numart.firebaseinitprovider"
173-->[com.google.firebase:firebase-common:21.0.0] AndroidManifest.xml:25:13-72
174            android:directBootAware="true"
174-->[com.google.firebase:firebase-common:21.0.0] AndroidManifest.xml:26:13-43
175            android:exported="false"
175-->[com.google.firebase:firebase-common:21.0.0] AndroidManifest.xml:27:13-37
176            android:initOrder="100" />
176-->[com.google.firebase:firebase-common:21.0.0] AndroidManifest.xml:28:13-36
177
178        <service
178-->[androidx.credentials:credentials-play-services-auth:1.2.0-rc01] AndroidManifest.xml:24:9-32:19
179            android:name="androidx.credentials.playservices.CredentialProviderMetadataHolder"
179-->[androidx.credentials:credentials-play-services-auth:1.2.0-rc01] AndroidManifest.xml:25:13-94
180            android:enabled="true"
180-->[androidx.credentials:credentials-play-services-auth:1.2.0-rc01] AndroidManifest.xml:26:13-35
181            android:exported="false" >
181-->[androidx.credentials:credentials-play-services-auth:1.2.0-rc01] AndroidManifest.xml:27:13-37
182            <meta-data
182-->[androidx.credentials:credentials-play-services-auth:1.2.0-rc01] AndroidManifest.xml:29:13-31:104
183                android:name="androidx.credentials.CREDENTIAL_PROVIDER_KEY"
183-->[androidx.credentials:credentials-play-services-auth:1.2.0-rc01] AndroidManifest.xml:30:17-76
184                android:value="androidx.credentials.playservices.CredentialProviderPlayServicesImpl" />
184-->[androidx.credentials:credentials-play-services-auth:1.2.0-rc01] AndroidManifest.xml:31:17-101
185        </service>
186
187        <activity
187-->[androidx.credentials:credentials-play-services-auth:1.2.0-rc01] AndroidManifest.xml:34:9-41:20
188            android:name="androidx.credentials.playservices.HiddenActivity"
188-->[androidx.credentials:credentials-play-services-auth:1.2.0-rc01] AndroidManifest.xml:35:13-76
189            android:configChanges="orientation|screenSize|screenLayout|keyboardHidden"
189-->[androidx.credentials:credentials-play-services-auth:1.2.0-rc01] AndroidManifest.xml:36:13-87
190            android:enabled="true"
190-->[androidx.credentials:credentials-play-services-auth:1.2.0-rc01] AndroidManifest.xml:37:13-35
191            android:exported="false"
191-->[androidx.credentials:credentials-play-services-auth:1.2.0-rc01] AndroidManifest.xml:38:13-37
192            android:fitsSystemWindows="true"
192-->[androidx.credentials:credentials-play-services-auth:1.2.0-rc01] AndroidManifest.xml:39:13-45
193            android:theme="@style/Theme.Hidden" >
193-->[androidx.credentials:credentials-play-services-auth:1.2.0-rc01] AndroidManifest.xml:40:13-48
194        </activity>
195        <activity
195-->[com.google.android.gms:play-services-auth:20.7.0] AndroidManifest.xml:23:9-27:75
196            android:name="com.google.android.gms.auth.api.signin.internal.SignInHubActivity"
196-->[com.google.android.gms:play-services-auth:20.7.0] AndroidManifest.xml:24:13-93
197            android:excludeFromRecents="true"
197-->[com.google.android.gms:play-services-auth:20.7.0] AndroidManifest.xml:25:13-46
198            android:exported="false"
198-->[com.google.android.gms:play-services-auth:20.7.0] AndroidManifest.xml:26:13-37
199            android:theme="@android:style/Theme.Translucent.NoTitleBar" />
199-->[com.google.android.gms:play-services-auth:20.7.0] AndroidManifest.xml:27:13-72
200        <!--
201            Service handling Google Sign-In user revocation. For apps that do not integrate with
202            Google Sign-In, this service will never be started.
203        -->
204        <service
204-->[com.google.android.gms:play-services-auth:20.7.0] AndroidManifest.xml:33:9-37:51
205            android:name="com.google.android.gms.auth.api.signin.RevocationBoundService"
205-->[com.google.android.gms:play-services-auth:20.7.0] AndroidManifest.xml:34:13-89
206            android:exported="true"
206-->[com.google.android.gms:play-services-auth:20.7.0] AndroidManifest.xml:35:13-36
207            android:permission="com.google.android.gms.auth.api.signin.permission.REVOCATION_NOTIFICATION"
207-->[com.google.android.gms:play-services-auth:20.7.0] AndroidManifest.xml:36:13-107
208            android:visibleToInstantApps="true" />
208-->[com.google.android.gms:play-services-auth:20.7.0] AndroidManifest.xml:37:13-48
209
210        <activity
210-->[com.google.android.gms:play-services-base:18.1.0] AndroidManifest.xml:20:9-22:45
211            android:name="com.google.android.gms.common.api.GoogleApiActivity"
211-->[com.google.android.gms:play-services-base:18.1.0] AndroidManifest.xml:20:19-85
212            android:exported="false"
212-->[com.google.android.gms:play-services-base:18.1.0] AndroidManifest.xml:22:19-43
213            android:theme="@android:style/Theme.Translucent.NoTitleBar" />
213-->[com.google.android.gms:play-services-base:18.1.0] AndroidManifest.xml:21:19-78
214
215        <meta-data
215-->[com.google.android.gms:play-services-basement:18.4.0] AndroidManifest.xml:6:9-122
216            android:name="com.google.android.gms.version"
216-->[com.google.android.gms:play-services-basement:18.4.0] AndroidManifest.xml:6:20-65
217            android:value="@integer/google_play_services_version" />
217-->[com.google.android.gms:play-services-basement:18.4.0] AndroidManifest.xml:6:66-119
218
219        <provider
219-->[androidx.emoji2:emoji2:1.3.0] AndroidManifest.xml:24:9-32:20
220            android:name="androidx.startup.InitializationProvider"
220-->[androidx.emoji2:emoji2:1.3.0] AndroidManifest.xml:25:13-67
221            android:authorities="com.achelmas.numart.androidx-startup"
221-->[androidx.emoji2:emoji2:1.3.0] AndroidManifest.xml:26:13-68
222            android:exported="false" >
222-->[androidx.emoji2:emoji2:1.3.0] AndroidManifest.xml:27:13-37
223            <meta-data
223-->[androidx.emoji2:emoji2:1.3.0] AndroidManifest.xml:29:13-31:52
224                android:name="androidx.emoji2.text.EmojiCompatInitializer"
224-->[androidx.emoji2:emoji2:1.3.0] AndroidManifest.xml:30:17-75
225                android:value="androidx.startup" />
225-->[androidx.emoji2:emoji2:1.3.0] AndroidManifest.xml:31:17-49
226            <meta-data
226-->[androidx.lifecycle:lifecycle-process:2.6.2] AndroidManifest.xml:29:13-31:52
227                android:name="androidx.lifecycle.ProcessLifecycleInitializer"
227-->[androidx.lifecycle:lifecycle-process:2.6.2] AndroidManifest.xml:30:17-78
228                android:value="androidx.startup" />
228-->[androidx.lifecycle:lifecycle-process:2.6.2] AndroidManifest.xml:31:17-49
229            <meta-data
229-->[androidx.profileinstaller:profileinstaller:1.4.0] AndroidManifest.xml:29:13-31:52
230                android:name="androidx.profileinstaller.ProfileInstallerInitializer"
230-->[androidx.profileinstaller:profileinstaller:1.4.0] AndroidManifest.xml:30:17-85
231                android:value="androidx.startup" />
231-->[androidx.profileinstaller:profileinstaller:1.4.0] AndroidManifest.xml:31:17-49
232        </provider>
233
234        <receiver
234-->[androidx.profileinstaller:profileinstaller:1.4.0] AndroidManifest.xml:34:9-52:20
235            android:name="androidx.profileinstaller.ProfileInstallReceiver"
235-->[androidx.profileinstaller:profileinstaller:1.4.0] AndroidManifest.xml:35:13-76
236            android:directBootAware="false"
236-->[androidx.profileinstaller:profileinstaller:1.4.0] AndroidManifest.xml:36:13-44
237            android:enabled="true"
237-->[androidx.profileinstaller:profileinstaller:1.4.0] AndroidManifest.xml:37:13-35
238            android:exported="true"
238-->[androidx.profileinstaller:profileinstaller:1.4.0] AndroidManifest.xml:38:13-36
239            android:permission="android.permission.DUMP" >
239-->[androidx.profileinstaller:profileinstaller:1.4.0] AndroidManifest.xml:39:13-57
240            <intent-filter>
240-->[androidx.profileinstaller:profileinstaller:1.4.0] AndroidManifest.xml:40:13-42:29
241                <action android:name="androidx.profileinstaller.action.INSTALL_PROFILE" />
241-->[androidx.profileinstaller:profileinstaller:1.4.0] AndroidManifest.xml:41:17-91
241-->[androidx.profileinstaller:profileinstaller:1.4.0] AndroidManifest.xml:41:25-88
242            </intent-filter>
243            <intent-filter>
243-->[androidx.profileinstaller:profileinstaller:1.4.0] AndroidManifest.xml:43:13-45:29
244                <action android:name="androidx.profileinstaller.action.SKIP_FILE" />
244-->[androidx.profileinstaller:profileinstaller:1.4.0] AndroidManifest.xml:44:17-85
244-->[androidx.profileinstaller:profileinstaller:1.4.0] AndroidManifest.xml:44:25-82
245            </intent-filter>
246            <intent-filter>
246-->[androidx.profileinstaller:profileinstaller:1.4.0] AndroidManifest.xml:46:13-48:29
247                <action android:name="androidx.profileinstaller.action.SAVE_PROFILE" />
247-->[androidx.profileinstaller:profileinstaller:1.4.0] AndroidManifest.xml:47:17-88
247-->[androidx.profileinstaller:profileinstaller:1.4.0] AndroidManifest.xml:47:25-85
248            </intent-filter>
249            <intent-filter>
249-->[androidx.profileinstaller:profileinstaller:1.4.0] AndroidManifest.xml:49:13-51:29
250                <action android:name="androidx.profileinstaller.action.BENCHMARK_OPERATION" />
250-->[androidx.profileinstaller:profileinstaller:1.4.0] AndroidManifest.xml:50:17-95
250-->[androidx.profileinstaller:profileinstaller:1.4.0] AndroidManifest.xml:50:25-92
251            </intent-filter>
252        </receiver> <!-- The minimal version code of ARCore APK required for an app using this SDK. -->
253        <meta-data
253-->[com.google.ar:core:1.35.0] AndroidManifest.xml:27:9-29:41
254            android:name="com.google.ar.core.min_apk_version"
254-->[com.google.ar:core:1.35.0] AndroidManifest.xml:28:13-62
255            android:value="223040000" /> <!-- This activity is critical for installing ARCore when it is not already present. -->
255-->[com.google.ar:core:1.35.0] AndroidManifest.xml:29:13-38
256        <activity
256-->[com.google.ar:core:1.35.0] AndroidManifest.xml:31:9-37:80
257            android:name="com.google.ar.core.InstallActivity"
257-->[com.google.ar:core:1.35.0] AndroidManifest.xml:32:13-62
258            android:configChanges="keyboardHidden|orientation|screenSize"
258-->[com.google.ar:core:1.35.0] AndroidManifest.xml:33:13-74
259            android:excludeFromRecents="true"
259-->[com.google.ar:core:1.35.0] AndroidManifest.xml:34:13-46
260            android:exported="false"
260-->[com.google.ar:core:1.35.0] AndroidManifest.xml:35:13-37
261            android:launchMode="singleTop"
261-->[com.google.ar:core:1.35.0] AndroidManifest.xml:36:13-43
262            android:theme="@android:style/Theme.Material.Light.Dialog.Alert" /> <!-- The activities will be merged into the manifest of the hosting app. -->
262-->[com.google.ar:core:1.35.0] AndroidManifest.xml:37:13-77
263        <activity
263-->[com.google.android.play:core-common:2.0.3] AndroidManifest.xml:14:9-18:65
264            android:name="com.google.android.play.core.common.PlayCoreDialogWrapperActivity"
264-->[com.google.android.play:core-common:2.0.3] AndroidManifest.xml:15:13-93
265            android:exported="false"
265-->[com.google.android.play:core-common:2.0.3] AndroidManifest.xml:16:13-37
266            android:stateNotNeeded="true"
266-->[com.google.android.play:core-common:2.0.3] AndroidManifest.xml:17:13-42
267            android:theme="@style/Theme.PlayCore.Transparent" />
267-->[com.google.android.play:core-common:2.0.3] AndroidManifest.xml:18:13-62
268    </application>
269
270</manifest>